{"D:\\Workspace\\typescript-testing\\src\\components\\common\\ReduxProvider.tsx": {"path":"D:\\Workspace\\typescript-testing\\src\\components\\common\\ReduxProvider.tsx","statementMap":{"0":{"start":{"line":6,"column":2},"end":{"line":6,"column":55}}},"fnMap":{"0":{"name":"ReduxProvider","decl":{"start":{"line":5,"column":9},"end":{"line":5,"column":22}},"loc":{"start":{"line":5,"column":65},"end":{"line":7,"column":1}},"line":5}},"branchMap":{},"s":{"0":3},"f":{"0":3},"b":{},"_coverageSchema":"1a1c01bbd47fc00a2c39e90264f33305004495a9","hash":"d5cf2616c701c771b2d994211ba2ace7d6a24aba"}
,"D:\\Workspace\\typescript-testing\\src\\components\\component\\Counter.tsx": {"path":"D:\\Workspace\\typescript-testing\\src\\components\\component\\Counter.tsx","statementMap":{"0":{"start":{"line":5,"column":16},"end":{"line":5,"column":62}},"1":{"start":{"line":5,"column":42},"end":{"line":5,"column":61}},"2":{"start":{"line":6,"column":19},"end":{"line":6,"column":35}},"3":{"start":{"line":7,"column":2},"end":{"line":17,"column":4}},"4":{"start":{"line":9,"column":58},"end":{"line":9,"column":79}},"5":{"start":{"line":13,"column":58},"end":{"line":13,"column":79}}},"fnMap":{"0":{"name":"Counter","decl":{"start":{"line":4,"column":9},"end":{"line":4,"column":16}},"loc":{"start":{"line":4,"column":19},"end":{"line":18,"column":1}},"line":4},"1":{"name":"(anonymous_1)","decl":{"start":{"line":5,"column":31},"end":{"line":5,"column":32}},"loc":{"start":{"line":5,"column":42},"end":{"line":5,"column":61}},"line":5},"2":{"name":"(anonymous_2)","decl":{"start":{"line":9,"column":52},"end":{"line":9,"column":53}},"loc":{"start":{"line":9,"column":58},"end":{"line":9,"column":79}},"line":9},"3":{"name":"(anonymous_3)","decl":{"start":{"line":13,"column":52},"end":{"line":13,"column":53}},"loc":{"start":{"line":13,"column":58},"end":{"line":13,"column":79}},"line":13}},"branchMap":{},"s":{"0":6,"1":9,"2":6,"3":6,"4":1,"5":2},"f":{"0":6,"1":9,"2":1,"3":2},"b":{},"_coverageSchema":"1a1c01bbd47fc00a2c39e90264f33305004495a9","hash":"72601a02d0bd5346084b667ed283e2c77e037910"}
,"D:\\Workspace\\typescript-testing\\src\\redux\\slice\\counter\\counterSlice.ts": {"path":"D:\\Workspace\\typescript-testing\\src\\redux\\slice\\counter\\counterSlice.ts","statementMap":{"0":{"start":{"line":8,"column":35},"end":{"line":10,"column":1}},"1":{"start":{"line":12,"column":28},"end":{"line":30,"column":2}},"2":{"start":{"line":21,"column":6},"end":{"line":21,"column":23}},"3":{"start":{"line":24,"column":6},"end":{"line":24,"column":23}},"4":{"start":{"line":27,"column":6},"end":{"line":27,"column":36}},"5":{"start":{"line":33,"column":59},"end":{"line":33,"column":79}}},"fnMap":{"0":{"name":"(anonymous_0)","decl":{"start":{"line":16,"column":15},"end":{"line":16,"column":16}},"loc":{"start":{"line":16,"column":26},"end":{"line":22,"column":5}},"line":16},"1":{"name":"(anonymous_1)","decl":{"start":{"line":23,"column":15},"end":{"line":23,"column":16}},"loc":{"start":{"line":23,"column":26},"end":{"line":25,"column":5}},"line":23},"2":{"name":"(anonymous_2)","decl":{"start":{"line":26,"column":23},"end":{"line":26,"column":24}},"loc":{"start":{"line":26,"column":65},"end":{"line":28,"column":5}},"line":26}},"branchMap":{},"s":{"0":2,"1":2,"2":2,"3":3,"4":1,"5":2},"f":{"0":2,"1":3,"2":1},"b":{},"_coverageSchema":"1a1c01bbd47fc00a2c39e90264f33305004495a9","hash":"80b28cb3dc96c4f13516bc6d478912fb93daedde"}
}
