TN:
SF:src\components\common\ReduxProvider.tsx
FN:5,ReduxProvider
FNF:1
FNH:1
FNDA:3,ReduxProvider
DA:6,3
LF:1
LH:1
BRF:0
BRH:0
end_of_record
TN:
SF:src\components\component\Counter.tsx
FN:4,Counter
FN:5,(anonymous_1)
FN:9,(anonymous_2)
FN:13,(anonymous_3)
FNF:4
FNH:4
FNDA:6,Counter
FNDA:9,(anonymous_1)
FNDA:1,(anonymous_2)
FNDA:2,(anonymous_3)
DA:5,9
DA:6,6
DA:7,6
DA:9,1
DA:13,2
LF:5
LH:5
BRF:0
BRH:0
end_of_record
TN:
SF:src\redux\slice\counter\counterSlice.ts
FN:16,(anonymous_0)
FN:23,(anonymous_1)
FN:26,(anonymous_2)
FNF:3
FNH:3
FNDA:2,(anonymous_0)
FNDA:3,(anonymous_1)
FNDA:1,(anonymous_2)
DA:8,2
DA:12,2
DA:21,2
DA:24,3
DA:27,1
DA:33,2
LF:6
LH:6
BRF:0
BRH:0
end_of_record
